<?xml version="1.0" encoding="UTF-8"?>
<testng-results skipped="0" failed="1" ignored="0" total="3" passed="2">
  <reporter-output>
  </reporter-output>
  <suite name="Default suite" duration-ms="333942" started-at="2020-08-02T21:35:13 EDT" finished-at="2020-08-02T21:40:46 EDT">
    <groups>
    </groups>
    <test name="Default test" duration-ms="333942" started-at="2020-08-02T21:35:13 EDT" finished-at="2020-08-02T21:40:46 EDT">
      <class name="com.qa.hotels.tests.ThreeStarPageTest">
        <test-method status="PASS" signature="setUp()[pri:0, instance:com.qa.hotels.tests.ThreeStarPageTest@1c3a4799]" name="setUp" is-config="true" duration-ms="49749" started-at="2020-08-02T21:35:13 EDT" finished-at="2020-08-02T21:36:02 EDT">
          <reporter-output>
          </reporter-output>
        </test-method> <!-- setUp -->
        <test-method status="FAIL" signature="verifyTitleTest()[pri:1, instance:com.qa.hotels.tests.ThreeStarPageTest@1c3a4799]" name="verifyTitleTest" duration-ms="7" started-at="2020-08-02T21:36:02 EDT" finished-at="2020-08-02T21:36:02 EDT">
          <exception class="java.lang.AssertionError">
            <message>
              <![CDATA[expected [Hotels.com - hotels in Boston, Massachusetts, United States of America] but found [null]]]>
            </message>
            <full-stacktrace>
              <![CDATA[java.lang.AssertionError: expected [Hotels.com - hotels in Boston, Massachusetts, United States of America] but found [null]
at org.testng.Assert.fail(Assert.java:97)
at org.testng.Assert.failNotEquals(Assert.java:969)
at org.testng.Assert.assertEqualsImpl(Assert.java:131)
at org.testng.Assert.assertEquals(Assert.java:118)
at org.testng.Assert.assertEquals(Assert.java:575)
at org.testng.Assert.assertEquals(Assert.java:585)
at com.qa.hotels.tests.ThreeStarPageTest.verifyTitleTest(ThreeStarPageTest.java:75)
at sun.reflect.NativeMethodAccessorImpl.invoke0(Native Method)
at sun.reflect.NativeMethodAccessorImpl.invoke(NativeMethodAccessorImpl.java:62)
at sun.reflect.DelegatingMethodAccessorImpl.invoke(DelegatingMethodAccessorImpl.java:43)
at java.lang.reflect.Method.invoke(Method.java:498)
at org.testng.internal.MethodInvocationHelper.invokeMethod(MethodInvocationHelper.java:134)
at org.testng.internal.TestInvoker.invokeMethod(TestInvoker.java:597)
at org.testng.internal.TestInvoker.invokeTestMethod(TestInvoker.java:173)
at org.testng.internal.MethodRunner.runInSequence(MethodRunner.java:46)
at org.testng.internal.TestInvoker$MethodInvocationAgent.invoke(TestInvoker.java:816)
at org.testng.internal.TestInvoker.invokeTestMethods(TestInvoker.java:146)
at org.testng.internal.TestMethodWorker.invokeTestMethods(TestMethodWorker.java:146)
at org.testng.internal.TestMethodWorker.run(TestMethodWorker.java:128)
at java.util.ArrayList.forEach(ArrayList.java:1257)
at org.testng.TestRunner.privateRun(TestRunner.java:766)
at org.testng.TestRunner.run(TestRunner.java:587)
at org.testng.SuiteRunner.runTest(SuiteRunner.java:384)
at org.testng.SuiteRunner.runSequentially(SuiteRunner.java:378)
at org.testng.SuiteRunner.privateRun(SuiteRunner.java:337)
at org.testng.SuiteRunner.run(SuiteRunner.java:286)
at org.testng.SuiteRunnerWorker.runSuite(SuiteRunnerWorker.java:53)
at org.testng.SuiteRunnerWorker.run(SuiteRunnerWorker.java:96)
at org.testng.TestNG.runSuitesSequentially(TestNG.java:1187)
at org.testng.TestNG.runSuitesLocally(TestNG.java:1109)
at org.testng.TestNG.runSuites(TestNG.java:1039)
at org.testng.TestNG.run(TestNG.java:1007)
at org.testng.remote.AbstractRemoteTestNG.run(AbstractRemoteTestNG.java:115)
at org.testng.remote.RemoteTestNG.initAndRun(RemoteTestNG.java:251)
at org.testng.remote.RemoteTestNG.main(RemoteTestNG.java:77)
]]>
            </full-stacktrace>
          </exception> <!-- java.lang.AssertionError -->
          <reporter-output>
          </reporter-output>
        </test-method> <!-- verifyTitleTest -->
        <test-method status="PASS" signature="verifyselectMyDestinationTest()[pri:2, instance:com.qa.hotels.tests.ThreeStarPageTest@1c3a4799]" name="verifyselectMyDestinationTest" duration-ms="40090" started-at="2020-08-02T21:36:02 EDT" finished-at="2020-08-02T21:36:42 EDT">
          <reporter-output>
          </reporter-output>
        </test-method> <!-- verifyselectMyDestinationTest -->
        <test-method status="PASS" signature="verifymyHiltonsTest()[pri:3, instance:com.qa.hotels.tests.ThreeStarPageTest@1c3a4799]" name="verifymyHiltonsTest" duration-ms="243834" started-at="2020-08-02T21:36:42 EDT" finished-at="2020-08-02T21:40:46 EDT">
          <reporter-output>
          </reporter-output>
        </test-method> <!-- verifymyHiltonsTest -->
        <test-method status="PASS" signature="tearDown()[pri:0, instance:com.qa.hotels.tests.ThreeStarPageTest@1c3a4799]" name="tearDown" is-config="true" duration-ms="168" started-at="2020-08-02T21:40:46 EDT" finished-at="2020-08-02T21:40:46 EDT">
          <reporter-output>
          </reporter-output>
        </test-method> <!-- tearDown -->
      </class> <!-- com.qa.hotels.tests.ThreeStarPageTest -->
    </test> <!-- Default test -->
  </suite> <!-- Default suite -->
</testng-results>
